16:50:32 **** Incremental Build of configuration Debug for project hello_sine_401re ****
make -j4 all 
arm-none-eabi-gcc "../tensorflow_lite/tensorflow/lite/micro/tools/make/downloads/cmsis/CMSIS/NN/Source/SoftmaxFunctions/arm_softmax_q15.c" -mcpu=cortex-m4 -std=gnu11 -g3 -DDEBUG -DUSE_HAL_DRIVER -DSTM32F401xE -c -I../Core/Inc -I../Drivers/STM32F4xx_HAL_Driver/Inc -I../Drivers/STM32F4xx_HAL_Driver/Inc/Legacy -I../Drivers/CMSIS/Device/ST/STM32F4xx/Include -I../Drivers/CMSIS/Include -I"C:/Users/agarw/STM32CubeIDE/workspace-1/hello_sine_401re/tensorflow_lite" -I"C:/Users/agarw/STM32CubeIDE/workspace-1/hello_sine_401re/tensorflow_lite/third_party/flatbuffers/include" -I"C:/Users/agarw/STM32CubeIDE/workspace-1/hello_sine_401re/tensorflow_lite/third_party/gemmlowp" -I"C:/Users/agarw/STM32CubeIDE/workspace-1/hello_sine_401re/tensorflow_lite/third_party/ruy" -O0 -ffunction-sections -fdata-sections -Wall -fstack-usage -MMD -MP -MF"tensorflow_lite/tensorflow/lite/micro/tools/make/downloads/cmsis/CMSIS/NN/Source/SoftmaxFunctions/arm_softmax_q15.d" -MT"tensorflow_lite/tensorflow/lite/micro/tools/make/downloads/cmsis/CMSIS/NN/Source/SoftmaxFunctions/arm_softmax_q15.o" --specs=nano.specs -mfpu=fpv4-sp-d16 -mfloat-abi=hard -mthumb -o "tensorflow_lite/tensorflow/lite/micro/tools/make/downloads/cmsis/CMSIS/NN/Source/SoftmaxFunctions/arm_softmax_q15.o"
arm-none-eabi-gcc "../tensorflow_lite/tensorflow/lite/micro/tools/make/downloads/cmsis/CMSIS/NN/Source/SoftmaxFunctions/arm_softmax_q7.c" -mcpu=cortex-m4 -std=gnu11 -g3 -DDEBUG -DUSE_HAL_DRIVER -DSTM32F401xE -c -I../Core/Inc -I../Drivers/STM32F4xx_HAL_Driver/Inc -I../Drivers/STM32F4xx_HAL_Driver/Inc/Legacy -I../Drivers/CMSIS/Device/ST/STM32F4xx/Include -I../Drivers/CMSIS/Include -I"C:/Users/agarw/STM32CubeIDE/workspace-1/hello_sine_401re/tensorflow_lite" -I"C:/Users/agarw/STM32CubeIDE/workspace-1/hello_sine_401re/tensorflow_lite/third_party/flatbuffers/include" -I"C:/Users/agarw/STM32CubeIDE/workspace-1/hello_sine_401re/tensorflow_lite/third_party/gemmlowp" -I"C:/Users/agarw/STM32CubeIDE/workspace-1/hello_sine_401re/tensorflow_lite/third_party/ruy" -O0 -ffunction-sections -fdata-sections -Wall -fstack-usage -MMD -MP -MF"tensorflow_lite/tensorflow/lite/micro/tools/make/downloads/cmsis/CMSIS/NN/Source/SoftmaxFunctions/arm_softmax_q7.d" -MT"tensorflow_lite/tensorflow/lite/micro/tools/make/downloads/cmsis/CMSIS/NN/Source/SoftmaxFunctions/arm_softmax_q7.o" --specs=nano.specs -mfpu=fpv4-sp-d16 -mfloat-abi=hard -mthumb -o "tensorflow_lite/tensorflow/lite/micro/tools/make/downloads/cmsis/CMSIS/NN/Source/SoftmaxFunctions/arm_softmax_q7.o"
arm-none-eabi-gcc "../tensorflow_lite/tensorflow/lite/micro/tools/make/downloads/cmsis/CMSIS/NN/Source/SoftmaxFunctions/arm_softmax_s8.c" -mcpu=cortex-m4 -std=gnu11 -g3 -DDEBUG -DUSE_HAL_DRIVER -DSTM32F401xE -c -I../Core/Inc -I../Drivers/STM32F4xx_HAL_Driver/Inc -I../Drivers/STM32F4xx_HAL_Driver/Inc/Legacy -I../Drivers/CMSIS/Device/ST/STM32F4xx/Include -I../Drivers/CMSIS/Include -I"C:/Users/agarw/STM32CubeIDE/workspace-1/hello_sine_401re/tensorflow_lite" -I"C:/Users/agarw/STM32CubeIDE/workspace-1/hello_sine_401re/tensorflow_lite/third_party/flatbuffers/include" -I"C:/Users/agarw/STM32CubeIDE/workspace-1/hello_sine_401re/tensorflow_lite/third_party/gemmlowp" -I"C:/Users/agarw/STM32CubeIDE/workspace-1/hello_sine_401re/tensorflow_lite/third_party/ruy" -O0 -ffunction-sections -fdata-sections -Wall -fstack-usage -MMD -MP -MF"tensorflow_lite/tensorflow/lite/micro/tools/make/downloads/cmsis/CMSIS/NN/Source/SoftmaxFunctions/arm_softmax_s8.d" -MT"tensorflow_lite/tensorflow/lite/micro/tools/make/downloads/cmsis/CMSIS/NN/Source/SoftmaxFunctions/arm_softmax_s8.o" --specs=nano.specs -mfpu=fpv4-sp-d16 -mfloat-abi=hard -mthumb -o "tensorflow_lite/tensorflow/lite/micro/tools/make/downloads/cmsis/CMSIS/NN/Source/SoftmaxFunctions/arm_softmax_s8.o"
arm-none-eabi-gcc "../tensorflow_lite/tensorflow/lite/micro/tools/make/downloads/cmsis/CMSIS/NN/Source/SoftmaxFunctions/arm_softmax_u8.c" -mcpu=cortex-m4 -std=gnu11 -g3 -DDEBUG -DUSE_HAL_DRIVER -DSTM32F401xE -c -I../Core/Inc -I../Drivers/STM32F4xx_HAL_Driver/Inc -I../Drivers/STM32F4xx_HAL_Driver/Inc/Legacy -I../Drivers/CMSIS/Device/ST/STM32F4xx/Include -I../Drivers/CMSIS/Include -I"C:/Users/agarw/STM32CubeIDE/workspace-1/hello_sine_401re/tensorflow_lite" -I"C:/Users/agarw/STM32CubeIDE/workspace-1/hello_sine_401re/tensorflow_lite/third_party/flatbuffers/include" -I"C:/Users/agarw/STM32CubeIDE/workspace-1/hello_sine_401re/tensorflow_lite/third_party/gemmlowp" -I"C:/Users/agarw/STM32CubeIDE/workspace-1/hello_sine_401re/tensorflow_lite/third_party/ruy" -O0 -ffunction-sections -fdata-sections -Wall -fstack-usage -MMD -MP -MF"tensorflow_lite/tensorflow/lite/micro/tools/make/downloads/cmsis/CMSIS/NN/Source/SoftmaxFunctions/arm_softmax_u8.d" -MT"tensorflow_lite/tensorflow/lite/micro/tools/make/downloads/cmsis/CMSIS/NN/Source/SoftmaxFunctions/arm_softmax_u8.o" --specs=nano.specs -mfpu=fpv4-sp-d16 -mfloat-abi=hard -mthumb -o "tensorflow_lite/tensorflow/lite/micro/tools/make/downloads/cmsis/CMSIS/NN/Source/SoftmaxFunctions/arm_softmax_u8.o"
../tensorflow_lite/tensorflow/lite/micro/tools/make/downloads/cmsis/CMSIS/NN/Source/SoftmaxFunctions/arm_softmax_s8.c:31:10: fatal error: arm_nnfunctions.h: No such file or directory
   31 | #include "arm_nnfunctions.h"
      |          ^~~~~~~~~~~~~~~~~~~
compilation terminated.
../tensorflow_lite/tensorflow/lite/micro/tools/make/downloads/cmsis/CMSIS/NN/Source/SoftmaxFunctions/arm_softmax_u8.c:31:10: fatal error: arm_nnfunctions.h: No such file or directory
   31 | #include "arm_nnfunctions.h"
      |          ^~~~~~~~~~~~~~~~~~~
compilation terminated.
../tensorflow_lite/tensorflow/lite/micro/tools/make/downloads/cmsis/CMSIS/NN/Source/SoftmaxFunctions/arm_softmax_q15.c:31:10: fatal error: arm_nnfunctions.h: No such file or directory
   31 | #include "arm_nnfunctions.h"
      |          ^~~~~~~~~~~~~~~~~~~
compilation terminated.
make: *** [tensorflow_lite/tensorflow/lite/micro/tools/make/downloads/cmsis/CMSIS/NN/Source/SoftmaxFunctions/subdir.mk:31: tensorflow_lite/tensorflow/lite/micro/tools/make/downloads/cmsis/CMSIS/NN/Source/SoftmaxFunctions/arm_softmax_s8.o] Error 1
make: *** Waiting for unfinished jobs....
make: *** [tensorflow_lite/tensorflow/lite/micro/tools/make/downloads/cmsis/CMSIS/NN/Source/SoftmaxFunctions/subdir.mk:31: tensorflow_lite/tensorflow/lite/micro/tools/make/downloads/cmsis/CMSIS/NN/Source/SoftmaxFunctions/arm_softmax_u8.o] Error 1
make: *** [tensorflow_lite/tensorflow/lite/micro/tools/make/downloads/cmsis/CMSIS/NN/Source/SoftmaxFunctions/subdir.mk:31: tensorflow_lite/tensorflow/lite/micro/tools/make/downloads/cmsis/CMSIS/NN/Source/SoftmaxFunctions/arm_softmax_q15.o] Error 1
../tensorflow_lite/tensorflow/lite/micro/tools/make/downloads/cmsis/CMSIS/NN/Source/SoftmaxFunctions/arm_softmax_q7.c:31:10: fatal error: arm_nnfunctions.h: No such file or directory
   31 | #include "arm_nnfunctions.h"
      |          ^~~~~~~~~~~~~~~~~~~
compilation terminated.
make: *** [tensorflow_lite/tensorflow/lite/micro/tools/make/downloads/cmsis/CMSIS/NN/Source/SoftmaxFunctions/subdir.mk:31: tensorflow_lite/tensorflow/lite/micro/tools/make/downloads/cmsis/CMSIS/NN/Source/SoftmaxFunctions/arm_softmax_q7.o] Error 1
"make -j4 all" terminated with exit code 2. Build might be incomplete.

16:50:34 Build Failed. 9 errors, 0 warnings. (took 1s.999ms)

